<?xml version="1.0" encoding="UTF-8"?>
<testng-results skipped="0" failed="0" total="1" passed="1">
  <reporter-output>
  </reporter-output>
  <suite name="Suite" duration-ms="24610" started-at="2017-12-09T04:06:31Z" finished-at="2017-12-09T04:06:56Z">
    <groups>
    </groups>
    <test name="Test" duration-ms="24610" started-at="2017-12-09T04:06:31Z" finished-at="2017-12-09T04:06:56Z">
      <class name="com.test.BrowserLaunch">
        <test-method status="PASS" signature="launchBrowser()[pri:0, instance:com.test.BrowserLaunch@1810399e]" name="launchBrowser" duration-ms="24516" started-at="2017-12-09T09:36:31Z" finished-at="2017-12-09T09:36:56Z">
          <reporter-output>
          </reporter-output>
        </test-method> <!-- launchBrowser -->
      </class> <!-- com.test.BrowserLaunch -->
    </test> <!-- Test -->
  </suite> <!-- Suite -->
</testng-results>
